<?xml version="1.0" encoding="UTF-8"?>
<testng-results ignored="0" total="1" passed="1" failed="0" skipped="0">
  <reporter-output>
  </reporter-output>
  <suite started-at="2020-08-11T22:08:39 CDT" name="Surefire suite" finished-at="2020-08-11T22:08:39 CDT" duration-ms="61">
    <groups>
    </groups>
    <test started-at="2020-08-11T22:08:39 CDT" name="Surefire test" finished-at="2020-08-11T22:08:39 CDT" duration-ms="61">
      <class name="sfgmypetclinic.SfgMyPetClinicApplicationTests">
        <test-method signature="contextLoads()[pri:0, instance:sfgmypetclinic.SfgMyPetClinicApplicationTests@59474f18]" started-at="2020-08-11T22:08:39 CDT" name="contextLoads" finished-at="2020-08-11T22:08:39 CDT" duration-ms="8" status="PASS">
          <reporter-output>
          </reporter-output>
        </test-method> <!-- contextLoads -->
      </class> <!-- sfgmypetclinic.SfgMyPetClinicApplicationTests -->
    </test> <!-- Surefire test -->
  </suite> <!-- Surefire suite -->
</testng-results>
